<?xml version="1.0" encoding="UTF-8"?>
<testsuite name="com.labcorp.sample.Runner" tests="0" skipped="0" failures="0" errors="0" timestamp="1970-01-01T00:00:00" hostname="SY4-8H930X2" time="0.0">
  <properties/>
  <system-out><![CDATA[07:03:10.487 [Test worker] WARN io.cucumber.junit.CucumberSerenityRunner - By default Cucumber is running in --non-strict mode.
This default will change to --strict and --non-strict will be removed.
You can use --strict or @CucumberOptions(strict = true) to suppress this warning
07:03:10.888 [Test worker] DEBUG net.thucydides.core.util.PropertiesFileLocalPreferences - LOADING LOCAL PROPERTIES FROM C:\mydocs\workspace\labcorpdemo\serenity.properties 
07:03:10.941 [Test worker] DEBUG net.thucydides.core.util.PropertiesFileLocalPreferences - LOADING LOCAL PROPERTIES FROM C:\mydocs\workspace\labcorpdemo\serenity.properties 
07:03:10.957 [Test worker] DEBUG net.thucydides.core.util.PropertiesFileLocalPreferences - LOADING LOCAL PROPERTIES FROM C:\mydocs\workspace\labcorpdemo\serenity.properties 
07:03:10.957 [Test worker] DEBUG net.thucydides.core.util.PropertiesFileLocalPreferences - webdriver.driver=chrome
07:03:10.957 [Test worker] DEBUG net.thucydides.core.util.PropertiesFileLocalPreferences - webdriver.chrome.driver=src/main/resources/chromedriver.exe
07:03:10.957 [Test worker] DEBUG net.thucydides.core.util.PropertiesFileLocalPreferences - serenity.take.screenshots=AFTER_EACH_STEP
07:03:10.957 [Test worker] DEBUG net.thucydides.core.util.PropertiesFileLocalPreferences - serenity.project.name=LabCorp Career functionality validation
07:03:10.957 [Test worker] DEBUG net.thucydides.core.util.PropertiesFileLocalPreferences - serenity.use.unique.browser=true
Feature from file:///C:/mydocs/workspace/labcorpdemo/src/test/resources/features/Carrers.feature
07:03:11.374 [Test worker] DEBUG net.thucydides.core.util.PropertiesFileLocalPreferences - LOADING LOCAL PROPERTIES FROM C:\mydocs\workspace\labcorpdemo\serenity.properties 
07:03:11.420 [Test worker] DEBUG net.thucydides.core.util.PropertiesFileLocalPreferences - LOADING LOCAL PROPERTIES FROM C:\mydocs\workspace\labcorpdemo\serenity.properties 
07:03:11.420 [Test worker] DEBUG net.thucydides.core.util.PropertiesFileLocalPreferences - LOADING LOCAL PROPERTIES FROM C:\mydocs\workspace\labcorpdemo\serenity.properties 
07:03:11.420 [Test worker] DEBUG net.thucydides.core.util.PropertiesFileLocalPreferences - webdriver.driver=chrome
07:03:11.420 [Test worker] DEBUG net.thucydides.core.util.PropertiesFileLocalPreferences - webdriver.chrome.driver=src/main/resources/chromedriver.exe
07:03:11.420 [Test worker] DEBUG net.thucydides.core.util.PropertiesFileLocalPreferences - serenity.take.screenshots=AFTER_EACH_STEP
07:03:11.420 [Test worker] DEBUG net.thucydides.core.util.PropertiesFileLocalPreferences - serenity.project.name=LabCorp Career functionality validation
07:03:11.420 [Test worker] DEBUG net.thucydides.core.util.PropertiesFileLocalPreferences - serenity.use.unique.browser=true
07:03:11.442 [Test worker] INFO  - 

-------------------------------------------------------------------------------------
     _______. _______ .______       _______ .__   __.  __  .___________.____    ____ 
    /       ||   ____||   _  \     |   ____||  \ |  | |  | |           |\   \  /   / 
   |   (----`|  |__   |  |_)  |    |  |__   |   \|  | |  | `---|  |----` \   \/   /  
    \   \    |   __|  |      /     |   __|  |  . `  | |  |     |  |       \_    _/   
.----)   |   |  |____ |  |\  \----.|  |____ |  |\   | |  |     |  |         |  |     
|_______/    |_______|| _| `._____||_______||__| \__| |__|     |__|         |__|    
                                                                                     
 News and tutorials at http://www.serenity-bdd.info                                  
 Documentation at https://wakaleo.gitbooks.io/the-serenity-book/content/             
 Join the Serenity Community on Gitter: https://gitter.im/serenity-bdd/serenity-core 
 Serenity BDD Support and Training at http://serenity-bdd.info/#/trainingandsupport  
-------------------------------------------------------------------------------------

07:03:11.442 [Test worker] DEBUG net.thucydides.core.steps.StepEventBus - Test suite started for story net.thucydides.core.model.Story@add1bf6c
07:03:11.442 [Test worker] INFO  - Test Suite Started: To Validate if the user is able to search and apply for careers

1 Scenarios (?[32m1 passed?[0m)
10 Steps (?[32m10 passed?[0m)
0m31.259s


]]></system-out>
  <system-err><![CDATA[]]></system-err>
</testsuite>
